<?xml version="1.0" encoding="UTF-8"?>
<!-- Generated by org.testng.reporters.JUnitReportReporter -->
<testsuite skipped="0" hostname="DESKTOP-2IEME8E" name="script.AppTest" tests="1" failures="0" timestamp="08 Feb 2018 07:03:30 GMT" time="54.148" errors="0">
  <testcase name="testLogin" time="54.148" classname="script.AppTest"/>
</testsuite> <!-- script.AppTest -->
