<?xml version="1.0" encoding="UTF-8"?>
<!-- Generated by org.testng.reporters.JUnitReportReporter -->
<testsuite skipped="0" hostname="DESKTOP-2IEME8E" name="script.Launch" tests="1" failures="0" timestamp="07 Feb 2018 21:02:31 GMT" time="63.618" errors="0">
  <testcase name="testA" time="63.618" classname="script.Launch"/>
</testsuite> <!-- script.Launch -->
